<?xml version="1.0" encoding="UTF-8"?>
<!-- Generated by org.testng.reporters.JUnitXMLReporter -->
<testsuite hostname="LAPTOP-KU0RE9GB" ignored="0" name="Test" tests="3" failures="1" timestamp="02 May 2019 13:17:16 GMT" time="0.198" errors="0">
  <testcase name="MatryxsoftWebsite" time="0.014" classname="helloWorld.sayHello"/>
  <testcase name="MatryxsoftWebsite1" time="0.006" classname="helloWorld.sayHello">
    <failure type="java.lang.AssertionError" message="expected [true] but found [false]">
      <![CDATA[java.lang.AssertionError: expected [true] but found [false]
	at helloWorld.sayHello.MatryxsoftWebsite1(sayHello.java:18)
... Removed 29 stack frames]]>
    </failure>
  </testcase> <!-- MatryxsoftWebsite1 -->
  <testcase name="mainTest" time="0.142" classname="helloWorld.reRunTests"/>
</testsuite> <!-- Test -->
