<?xml version="1.0" encoding="UTF-8"?>
<testng-results skipped="0" failed="0" ignored="0" total="1" passed="1">
  <reporter-output>
  </reporter-output>
  <suite name="Suite" duration-ms="41" started-at="2019-04-30T13:14:45Z" finished-at="2019-04-30T13:14:45Z">
    <groups>
    </groups>
    <test name="Test" duration-ms="41" started-at="2019-04-30T13:14:45Z" finished-at="2019-04-30T13:14:45Z">
      <class name="helloWorld.sayHello">
        <test-method status="PASS" signature="MatryxsoftWebsite()[pri:0, instance:helloWorld.sayHello@1d251891]" name="MatryxsoftWebsite" duration-ms="15" started-at="2019-04-30T18:44:45Z" finished-at="2019-04-30T18:44:45Z">
          <reporter-output>
          </reporter-output>
        </test-method> <!-- MatryxsoftWebsite -->
      </class> <!-- helloWorld.sayHello -->
    </test> <!-- Test -->
  </suite> <!-- Suite -->
</testng-results>
