<?xml version="1.0" encoding="UTF-8"?>
<!-- Generated by org.testng.reporters.JUnitXMLReporter -->
<testsuite hostname="LAPTOP-KU0RE9GB" ignored="1" name="Test(failed)" tests="1" failures="1" timestamp="02 May 2019 13:15:31 GMT" time="0.005" errors="0">
  <testcase name="MatryxsoftWebsite1" time="0.003" classname="helloWorld.sayHello">
    <failure type="java.lang.AssertionError" message="expected [true] but found [false]">
      <![CDATA[java.lang.AssertionError: expected [true] but found [false]
	at helloWorld.sayHello.MatryxsoftWebsite1(sayHello.java:18)
	at helloWorld.reRunTests.mainTest(reRunTests.java:17)
... Removed 51 stack frames]]>
    </failure>
  </testcase> <!-- MatryxsoftWebsite1 -->
  <testcase name="MatryxsoftWebsite" time="0.0" classname="helloWorld.sayHello">
    <ignored/>
  </testcase> <!-- MatryxsoftWebsite -->
</testsuite> <!-- Test(failed) -->
